<?xml version="1.0" encoding="UTF-8"?>
<!-- Generated by org.testng.reporters.JUnitReportReporter -->
<testsuite hostname="Nesquik" failures="0" tests="5" name="tests.ServicesTest" time="36.166" errors="0" timestamp="2023-11-22T20:25:24 ART" skipped="0">
  <testcase classname="tests.ServicesTest" name="testGetPeople2" time="2.904"/>
  <system-out/>
  <testcase classname="tests.ServicesTest" name="testGetFilms7" time="2.009"/>
  <system-out/>
  <testcase classname="tests.ServicesTest" name="testFilm2ForPeople2" time="12.983"/>
  <system-out/>
  <testcase classname="tests.ServicesTest" name="testPlanetFromFilm2" time="8.123"/>
  <system-out/>
  <testcase classname="tests.ServicesTest" name="testPlanetFromFilm2Bis" time="10.147"/>
  <system-out/>
</testsuite> <!-- tests.ServicesTest -->
